<?xml version="1.0" encoding="UTF-8"?>
<!-- Generated by org.testng.reporters.JUnitXMLReporter -->
<testsuite ignored="0" hostname="DESKTOP-VD4OOGI" failures="0" tests="3" name="Default test" time="6.822" errors="0" timestamp="2023-10-20T06:46:35 IST">
  <testcase classname="com_scm_Practice_TESTNG.Addp_AddD_TEST" name="addD" time="0.005"/>
  <testcase classname="com_scm_Practice_TESTNG.Addp_AddD_TEST" name="addp" time="0.001"/>
  <testcase classname="com_scm_Practice_TESTNG.Addp_AddD_TEST" name="logout" time="0.001"/>
</testsuite> <!-- Default test -->
