<?xml version="1.0" encoding="UTF-8"?>
<!-- Generated by org.testng.reporters.JUnitXMLReporter -->
<testsuite ignored="6" hostname="DESKTOP-VD4OOGI" failures="0" tests="10" name="TestRunner-3" time="7.989" errors="0" timestamp="2023-08-08T09:57:59 IST">
  <testcase classname="com.crm.GenericUtility.BaseClass_TESTNG" name="@BeforeClass config_BC" time="0.346">
    <failure type="io.github.bonigarcia.wdm.config.WebDriverManagerException" message="io.github.bonigarcia.wdm.config.WebDriverManagerException: java.net.UnknownHostException: msedgedriver.azureedge.net">
      <![CDATA[io.github.bonigarcia.wdm.config.WebDriverManagerException: io.github.bonigarcia.wdm.config.WebDriverManagerException: java.net.UnknownHostException: msedgedriver.azureedge.net
at io.github.bonigarcia.wdm.WebDriverManager.handleException(WebDriverManager.java:1423)
at io.github.bonigarcia.wdm.WebDriverManager.manage(WebDriverManager.java:1204)
at io.github.bonigarcia.wdm.WebDriverManager.fallback(WebDriverManager.java:1439)
at io.github.bonigarcia.wdm.WebDriverManager.handleException(WebDriverManager.java:1420)
at io.github.bonigarcia.wdm.WebDriverManager.manage(WebDriverManager.java:1204)
at io.github.bonigarcia.wdm.WebDriverManager.handleException(WebDriverManager.java:1413)
at io.github.bonigarcia.wdm.WebDriverManager.manage(WebDriverManager.java:1204)
at io.github.bonigarcia.wdm.WebDriverManager.setup(WebDriverManager.java:419)
at com.crm.GenericUtility.BaseClass_TESTNG.config_BC(BaseClass_TESTNG.java:55)
at java.base/java.util.ArrayList.forEach(ArrayList.java:1541)
at java.base/java.util.concurrent.FutureTask.run(FutureTask.java:264)
at java.base/java.util.concurrent.ThreadPoolExecutor.runWorker(ThreadPoolExecutor.java:1128)
at java.base/java.util.concurrent.ThreadPoolExecutor$Worker.run(ThreadPoolExecutor.java:628)
at java.base/java.lang.Thread.run(Thread.java:834)
Caused by: io.github.bonigarcia.wdm.config.WebDriverManagerException: java.net.UnknownHostException: msedgedriver.azureedge.net
at io.github.bonigarcia.wdm.WebDriverManager.getDriversFromXml(WebDriverManager.java:1577)
at io.github.bonigarcia.wdm.managers.EdgeDriverManager.getDriverUrls(EdgeDriverManager.java:115)
at io.github.bonigarcia.wdm.WebDriverManager.createUrlHandler(WebDriverManager.java:1444)
at io.github.bonigarcia.wdm.WebDriverManager.download(WebDriverManager.java:1279)
at io.github.bonigarcia.wdm.WebDriverManager.manage(WebDriverManager.java:1198)
... 28 more
Caused by: java.net.UnknownHostException: msedgedriver.azureedge.net
at java.base/java.net.InetAddress$CachedAddresses.get(InetAddress.java:797)
at java.base/java.net.InetAddress.getAllByName0(InetAddress.java:1505)
at java.base/java.net.InetAddress.getAllByName(InetAddress.java:1364)
at java.base/java.net.InetAddress.getAllByName(InetAddress.java:1298)
at org.apache.hc.client5.http.SystemDefaultDnsResolver.resolve(SystemDefaultDnsResolver.java:43)
at org.apache.hc.client5.http.impl.io.DefaultHttpClientConnectionOperator.connect(DefaultHttpClientConnectionOperator.java:141)
at org.apache.hc.client5.http.impl.io.PoolingHttpClientConnectionManager.connect(PoolingHttpClientConnectionManager.java:447)
at org.apache.hc.client5.http.impl.classic.InternalExecRuntime.connectEndpoint(InternalExecRuntime.java:162)
at org.apache.hc.client5.http.impl.classic.InternalExecRuntime.connectEndpoint(InternalExecRuntime.java:172)
at org.apache.hc.client5.http.impl.classic.ConnectExec.execute(ConnectExec.java:142)
at org.apache.hc.client5.http.impl.classic.ExecChainElement.execute(ExecChainElement.java:51)
at org.apache.hc.client5.http.impl.classic.ProtocolExec.execute(ProtocolExec.java:192)
at org.apache.hc.client5.http.impl.classic.ExecChainElement.execute(ExecChainElement.java:51)
at org.apache.hc.client5.http.impl.classic.HttpRequestRetryExec.execute(HttpRequestRetryExec.java:96)
at org.apache.hc.client5.http.impl.classic.ExecChainElement.execute(ExecChainElement.java:51)
at org.apache.hc.client5.http.impl.classic.ContentCompressionExec.execute(ContentCompressionExec.java:152)
at org.apache.hc.client5.http.impl.classic.ExecChainElement.execute(ExecChainElement.java:51)
at org.apache.hc.client5.http.impl.classic.RedirectExec.execute(RedirectExec.java:115)
at org.apache.hc.client5.http.impl.classic.ExecChainElement.execute(ExecChainElement.java:51)
at org.apache.hc.client5.http.impl.classic.InternalHttpClient.doExecute(InternalHttpClient.java:170)
at org.apache.hc.client5.http.impl.classic.CloseableHttpClient.execute(CloseableHttpClient.java:87)
at org.apache.hc.client5.http.impl.classic.CloseableHttpClient.execute(CloseableHttpClient.java:55)
at org.apache.hc.client5.http.classic.HttpClient.executeOpen(HttpClient.java:183)
at io.github.bonigarcia.wdm.online.HttpClient.execute(HttpClient.java:162)
at io.github.bonigarcia.wdm.WebDriverManager.getDriversFromXml(WebDriverManager.java:1562)
... 32 more
... Removed 16 stack frames]]>
    </failure>
  </testcase> <!-- @BeforeClass config_BC -->
  <testcase classname="com.crm.GenericUtility.BaseClass_TESTNG" name="@BeforeMethod cofig_BM" time="-1.691468879353E9">
    <skipped/>
  </testcase> <!-- @BeforeMethod cofig_BM -->
  <testcase classname="com.crm.GenericUtility.BaseClass_TESTNG" name="@AfterMethod Config_AM" time="-1.691468879357E9">
    <skipped/>
  </testcase> <!-- @AfterMethod Config_AM -->
  <testcase classname="com.crm.GenericUtility.BaseClass_TESTNG" name="@BeforeMethod cofig_BM" time="-1.691468879358E9">
    <skipped/>
  </testcase> <!-- @BeforeMethod cofig_BM -->
  <testcase classname="com.crm.GenericUtility.BaseClass_TESTNG" name="@AfterMethod Config_AM" time="-1.69146887936E9">
    <skipped/>
  </testcase> <!-- @AfterMethod Config_AM -->
  <testcase classname="com.crm.GenericUtility.BaseClass_TESTNG" name="@BeforeMethod cofig_BM" time="-1.691468879361E9">
    <skipped/>
  </testcase> <!-- @BeforeMethod cofig_BM -->
  <testcase classname="com.crm.GenericUtility.BaseClass_TESTNG" name="@AfterMethod Config_AM" time="-1.691468879364E9">
    <skipped/>
  </testcase> <!-- @AfterMethod Config_AM -->
  <testcase classname="com.crm.GenericUtility.BaseClass_TESTNG" name="@AfterClass Config_AC" time="-1.691468879366E9">
    <skipped/>
  </testcase> <!-- @AfterClass Config_AC -->
  <testcase classname="com.crm.GenericUtility.BaseClass_TESTNG" name="@BeforeClass config_BC" time="0.291">
    <failure type="io.github.bonigarcia.wdm.config.WebDriverManagerException" message="io.github.bonigarcia.wdm.config.WebDriverManagerException: java.net.UnknownHostException: msedgedriver.azureedge.net">
      <![CDATA[io.github.bonigarcia.wdm.config.WebDriverManagerException: io.github.bonigarcia.wdm.config.WebDriverManagerException: java.net.UnknownHostException: msedgedriver.azureedge.net
at io.github.bonigarcia.wdm.WebDriverManager.handleException(WebDriverManager.java:1423)
at io.github.bonigarcia.wdm.WebDriverManager.manage(WebDriverManager.java:1204)
at io.github.bonigarcia.wdm.WebDriverManager.fallback(WebDriverManager.java:1439)
at io.github.bonigarcia.wdm.WebDriverManager.handleException(WebDriverManager.java:1420)
at io.github.bonigarcia.wdm.WebDriverManager.manage(WebDriverManager.java:1204)
at io.github.bonigarcia.wdm.WebDriverManager.handleException(WebDriverManager.java:1413)
at io.github.bonigarcia.wdm.WebDriverManager.manage(WebDriverManager.java:1204)
at io.github.bonigarcia.wdm.WebDriverManager.setup(WebDriverManager.java:419)
at com.crm.GenericUtility.BaseClass_TESTNG.config_BC(BaseClass_TESTNG.java:55)
at java.base/java.util.ArrayList.forEach(ArrayList.java:1541)
at java.base/java.util.concurrent.FutureTask.run(FutureTask.java:264)
at java.base/java.util.concurrent.ThreadPoolExecutor.runWorker(ThreadPoolExecutor.java:1128)
at java.base/java.util.concurrent.ThreadPoolExecutor$Worker.run(ThreadPoolExecutor.java:628)
at java.base/java.lang.Thread.run(Thread.java:834)
Caused by: io.github.bonigarcia.wdm.config.WebDriverManagerException: java.net.UnknownHostException: msedgedriver.azureedge.net
at io.github.bonigarcia.wdm.WebDriverManager.getDriversFromXml(WebDriverManager.java:1577)
at io.github.bonigarcia.wdm.managers.EdgeDriverManager.getDriverUrls(EdgeDriverManager.java:115)
at io.github.bonigarcia.wdm.WebDriverManager.createUrlHandler(WebDriverManager.java:1444)
at io.github.bonigarcia.wdm.WebDriverManager.download(WebDriverManager.java:1279)
at io.github.bonigarcia.wdm.WebDriverManager.manage(WebDriverManager.java:1198)
... 28 more
Caused by: java.net.UnknownHostException: msedgedriver.azureedge.net
at java.base/java.net.InetAddress$CachedAddresses.get(InetAddress.java:797)
at java.base/java.net.InetAddress.getAllByName0(InetAddress.java:1505)
at java.base/java.net.InetAddress.getAllByName(InetAddress.java:1364)
at java.base/java.net.InetAddress.getAllByName(InetAddress.java:1298)
at org.apache.hc.client5.http.SystemDefaultDnsResolver.resolve(SystemDefaultDnsResolver.java:43)
at org.apache.hc.client5.http.impl.io.DefaultHttpClientConnectionOperator.connect(DefaultHttpClientConnectionOperator.java:141)
at org.apache.hc.client5.http.impl.io.PoolingHttpClientConnectionManager.connect(PoolingHttpClientConnectionManager.java:447)
at org.apache.hc.client5.http.impl.classic.InternalExecRuntime.connectEndpoint(InternalExecRuntime.java:162)
at org.apache.hc.client5.http.impl.classic.InternalExecRuntime.connectEndpoint(InternalExecRuntime.java:172)
at org.apache.hc.client5.http.impl.classic.ConnectExec.execute(ConnectExec.java:142)
at org.apache.hc.client5.http.impl.classic.ExecChainElement.execute(ExecChainElement.java:51)
at org.apache.hc.client5.http.impl.classic.ProtocolExec.execute(ProtocolExec.java:192)
at org.apache.hc.client5.http.impl.classic.ExecChainElement.execute(ExecChainElement.java:51)
at org.apache.hc.client5.http.impl.classic.HttpRequestRetryExec.execute(HttpRequestRetryExec.java:96)
at org.apache.hc.client5.http.impl.classic.ExecChainElement.execute(ExecChainElement.java:51)
at org.apache.hc.client5.http.impl.classic.ContentCompressionExec.execute(ContentCompressionExec.java:152)
at org.apache.hc.client5.http.impl.classic.ExecChainElement.execute(ExecChainElement.java:51)
at org.apache.hc.client5.http.impl.classic.RedirectExec.execute(RedirectExec.java:115)
at org.apache.hc.client5.http.impl.classic.ExecChainElement.execute(ExecChainElement.java:51)
at org.apache.hc.client5.http.impl.classic.InternalHttpClient.doExecute(InternalHttpClient.java:170)
at org.apache.hc.client5.http.impl.classic.CloseableHttpClient.execute(CloseableHttpClient.java:87)
at org.apache.hc.client5.http.impl.classic.CloseableHttpClient.execute(CloseableHttpClient.java:55)
at org.apache.hc.client5.http.classic.HttpClient.executeOpen(HttpClient.java:183)
at io.github.bonigarcia.wdm.online.HttpClient.execute(HttpClient.java:162)
at io.github.bonigarcia.wdm.WebDriverManager.getDriversFromXml(WebDriverManager.java:1562)
... 32 more
... Removed 16 stack frames]]>
    </failure>
  </testcase> <!-- @BeforeClass config_BC -->
  <testcase classname="com.crm.GenericUtility.BaseClass_TESTNG" name="@BeforeMethod cofig_BM" time="-1.69146887966E9">
    <skipped/>
  </testcase> <!-- @BeforeMethod cofig_BM -->
  <testcase classname="com.crm.GenericUtility.BaseClass_TESTNG" name="@AfterMethod Config_AM" time="-1.691468879661E9">
    <skipped/>
  </testcase> <!-- @AfterMethod Config_AM -->
  <testcase classname="com.crm.GenericUtility.BaseClass_TESTNG" name="@BeforeMethod cofig_BM" time="-1.691468879662E9">
    <skipped/>
  </testcase> <!-- @BeforeMethod cofig_BM -->
  <testcase classname="com.crm.GenericUtility.BaseClass_TESTNG" name="@AfterMethod Config_AM" time="-1.691468879664E9">
    <skipped/>
  </testcase> <!-- @AfterMethod Config_AM -->
  <testcase classname="com.crm.GenericUtility.BaseClass_TESTNG" name="@AfterClass Config_AC" time="-1.691468879666E9">
    <skipped/>
  </testcase> <!-- @AfterClass Config_AC -->
  <testcase classname="com.crm.GenericUtility.BaseClass_TESTNG" name="@BeforeClass config_BC" time="0.286">
    <failure type="io.github.bonigarcia.wdm.config.WebDriverManagerException" message="io.github.bonigarcia.wdm.config.WebDriverManagerException: java.net.UnknownHostException: msedgedriver.azureedge.net">
      <![CDATA[io.github.bonigarcia.wdm.config.WebDriverManagerException: io.github.bonigarcia.wdm.config.WebDriverManagerException: java.net.UnknownHostException: msedgedriver.azureedge.net
at io.github.bonigarcia.wdm.WebDriverManager.handleException(WebDriverManager.java:1423)
at io.github.bonigarcia.wdm.WebDriverManager.manage(WebDriverManager.java:1204)
at io.github.bonigarcia.wdm.WebDriverManager.fallback(WebDriverManager.java:1439)
at io.github.bonigarcia.wdm.WebDriverManager.handleException(WebDriverManager.java:1420)
at io.github.bonigarcia.wdm.WebDriverManager.manage(WebDriverManager.java:1204)
at io.github.bonigarcia.wdm.WebDriverManager.handleException(WebDriverManager.java:1413)
at io.github.bonigarcia.wdm.WebDriverManager.manage(WebDriverManager.java:1204)
at io.github.bonigarcia.wdm.WebDriverManager.setup(WebDriverManager.java:419)
at com.crm.GenericUtility.BaseClass_TESTNG.config_BC(BaseClass_TESTNG.java:55)
at java.base/java.util.ArrayList.forEach(ArrayList.java:1541)
at java.base/java.util.concurrent.FutureTask.run(FutureTask.java:264)
at java.base/java.util.concurrent.ThreadPoolExecutor.runWorker(ThreadPoolExecutor.java:1128)
at java.base/java.util.concurrent.ThreadPoolExecutor$Worker.run(ThreadPoolExecutor.java:628)
at java.base/java.lang.Thread.run(Thread.java:834)
Caused by: io.github.bonigarcia.wdm.config.WebDriverManagerException: java.net.UnknownHostException: msedgedriver.azureedge.net
at io.github.bonigarcia.wdm.WebDriverManager.getDriversFromXml(WebDriverManager.java:1577)
at io.github.bonigarcia.wdm.managers.EdgeDriverManager.getDriverUrls(EdgeDriverManager.java:115)
at io.github.bonigarcia.wdm.WebDriverManager.createUrlHandler(WebDriverManager.java:1444)
at io.github.bonigarcia.wdm.WebDriverManager.download(WebDriverManager.java:1279)
at io.github.bonigarcia.wdm.WebDriverManager.manage(WebDriverManager.java:1198)
... 28 more
Caused by: java.net.UnknownHostException: msedgedriver.azureedge.net
at java.base/java.net.InetAddress$CachedAddresses.get(InetAddress.java:797)
at java.base/java.net.InetAddress.getAllByName0(InetAddress.java:1505)
at java.base/java.net.InetAddress.getAllByName(InetAddress.java:1364)
at java.base/java.net.InetAddress.getAllByName(InetAddress.java:1298)
at org.apache.hc.client5.http.SystemDefaultDnsResolver.resolve(SystemDefaultDnsResolver.java:43)
at org.apache.hc.client5.http.impl.io.DefaultHttpClientConnectionOperator.connect(DefaultHttpClientConnectionOperator.java:141)
at org.apache.hc.client5.http.impl.io.PoolingHttpClientConnectionManager.connect(PoolingHttpClientConnectionManager.java:447)
at org.apache.hc.client5.http.impl.classic.InternalExecRuntime.connectEndpoint(InternalExecRuntime.java:162)
at org.apache.hc.client5.http.impl.classic.InternalExecRuntime.connectEndpoint(InternalExecRuntime.java:172)
at org.apache.hc.client5.http.impl.classic.ConnectExec.execute(ConnectExec.java:142)
at org.apache.hc.client5.http.impl.classic.ExecChainElement.execute(ExecChainElement.java:51)
at org.apache.hc.client5.http.impl.classic.ProtocolExec.execute(ProtocolExec.java:192)
at org.apache.hc.client5.http.impl.classic.ExecChainElement.execute(ExecChainElement.java:51)
at org.apache.hc.client5.http.impl.classic.HttpRequestRetryExec.execute(HttpRequestRetryExec.java:96)
at org.apache.hc.client5.http.impl.classic.ExecChainElement.execute(ExecChainElement.java:51)
at org.apache.hc.client5.http.impl.classic.ContentCompressionExec.execute(ContentCompressionExec.java:152)
at org.apache.hc.client5.http.impl.classic.ExecChainElement.execute(ExecChainElement.java:51)
at org.apache.hc.client5.http.impl.classic.RedirectExec.execute(RedirectExec.java:115)
at org.apache.hc.client5.http.impl.classic.ExecChainElement.execute(ExecChainElement.java:51)
at org.apache.hc.client5.http.impl.classic.InternalHttpClient.doExecute(InternalHttpClient.java:170)
at org.apache.hc.client5.http.impl.classic.CloseableHttpClient.execute(CloseableHttpClient.java:87)
at org.apache.hc.client5.http.impl.classic.CloseableHttpClient.execute(CloseableHttpClient.java:55)
at org.apache.hc.client5.http.classic.HttpClient.executeOpen(HttpClient.java:183)
at io.github.bonigarcia.wdm.online.HttpClient.execute(HttpClient.java:162)
at io.github.bonigarcia.wdm.WebDriverManager.getDriversFromXml(WebDriverManager.java:1562)
... 32 more
... Removed 16 stack frames]]>
    </failure>
  </testcase> <!-- @BeforeClass config_BC -->
  <testcase classname="com.crm.GenericUtility.BaseClass_TESTNG" name="@BeforeMethod cofig_BM" time="-1.691468879954E9">
    <skipped/>
  </testcase> <!-- @BeforeMethod cofig_BM -->
  <testcase classname="com.crm.GenericUtility.BaseClass_TESTNG" name="@AfterMethod Config_AM" time="-1.691468879956E9">
    <skipped/>
  </testcase> <!-- @AfterMethod Config_AM -->
  <testcase classname="com.crm.GenericUtility.BaseClass_TESTNG" name="@BeforeMethod cofig_BM" time="-1.691468879956E9">
    <skipped/>
  </testcase> <!-- @BeforeMethod cofig_BM -->
  <testcase classname="com.crm.GenericUtility.BaseClass_TESTNG" name="@AfterMethod Config_AM" time="-1.691468879958E9">
    <skipped/>
  </testcase> <!-- @AfterMethod Config_AM -->
  <testcase classname="com.crm.GenericUtility.BaseClass_TESTNG" name="@AfterClass Config_AC" time="-1.691468879958E9">
    <skipped/>
  </testcase> <!-- @AfterClass Config_AC -->
  <testcase classname="com_scm_Practice_TESTNG.Addp_AddD_TEST" name="addD" time="0.001"/>
  <testcase classname="com_scm_Practice_TESTNG.Addp_AddD_TEST" name="addp" time="0.001"/>
  <testcase classname="com_scm_Practice_TESTNG.Addp_AddD_TEST" name="logout" time="0.001"/>
  <testcase classname="com_scm_Practice_TESTNG.CReate_Retail_Test" name="Order" time="0.0">
    <skipped/>
  </testcase> <!-- Order -->
  <testcase classname="com_scm_Practice_TESTNG.CReate_Retail_Test" name="R" time="0.0">
    <skipped/>
  </testcase> <!-- R -->
  <testcase classname="com_scm_Practice_TESTNG.CReate_Retail_Test" name="m" time="0.0">
    <skipped/>
  </testcase> <!-- m -->
  <testcase classname="com_scm_Practice_TESTNG.Addm_ADDR_TEST" name="addm" time="0.0">
    <skipped/>
  </testcase> <!-- addm -->
  <testcase classname="com_scm_Practice_TESTNG.Addm_ADDR_TEST" name="addr" time="0.0">
    <skipped/>
  </testcase> <!-- addr -->
  <testcase classname="com_scm_Practice_TESTNG.Create_manu_Test" name="Man_stc" time="0.0">
    <skipped/>
  </testcase> <!-- Man_stc -->
  <testcase classname="com_scm_Practice_TESTNG.Create_manu_Test" name="add_manu" time="0.0">
    <skipped/>
  </testcase> <!-- add_manu -->
  <testcase classname="com.crm.GenericUtility.BaseClass_TESTNG" name="@AfterSuite Config_AS" time="0.0">
    <ignored/>
  </testcase> <!-- @AfterSuite Config_AS -->
  <testcase classname="com.crm.GenericUtility.BaseClass_TESTNG" name="@AfterSuite Config_AS" time="0.0">
    <ignored/>
  </testcase> <!-- @AfterSuite Config_AS -->
  <testcase classname="com.crm.GenericUtility.BaseClass_TESTNG" name="@AfterSuite Config_AS" time="0.0">
    <ignored/>
  </testcase> <!-- @AfterSuite Config_AS -->
  <testcase classname="com.crm.GenericUtility.BaseClass_TESTNG" name="@BeforeSuite Config_BS" time="0.0">
    <ignored/>
  </testcase> <!-- @BeforeSuite Config_BS -->
  <testcase classname="com.crm.GenericUtility.BaseClass_TESTNG" name="@BeforeSuite Config_BS" time="0.0">
    <ignored/>
  </testcase> <!-- @BeforeSuite Config_BS -->
  <testcase classname="com.crm.GenericUtility.BaseClass_TESTNG" name="@BeforeSuite Config_BS" time="0.0">
    <ignored/>
  </testcase> <!-- @BeforeSuite Config_BS -->
</testsuite> <!-- TestRunner-3 -->
