<?xml version="1.0" encoding="UTF-8"?>
<!-- Generated by org.testng.reporters.JUnitXMLReporter -->
<testsuite ignored="2" hostname="DESKTOP-VD4OOGI" failures="0" tests="2" name="TestRunner-2" time="11.364" errors="0" timestamp="2023-08-08T16:40:11 IST">
  <testcase classname="com_scm_Practice_TESTNG.Project_System_manuf_Invoice_Test" name="Manuf_Invoice" time="2.14"/>
  <testcase classname="com_scm_Practice_TESTNG.Project_System_Admin_addManu_Test" name="add_manufacturee" time="1.303"/>
  <testcase classname="com.crm.GenericUtility.BaseClass_TESTNG" name="@AfterSuite Config_AS" time="0.0">
    <ignored/>
  </testcase> <!-- @AfterSuite Config_AS -->
  <testcase classname="com.crm.GenericUtility.BaseClass_TESTNG" name="@BeforeSuite Config_BS" time="0.0">
    <ignored/>
  </testcase> <!-- @BeforeSuite Config_BS -->
</testsuite> <!-- TestRunner-2 -->
