<?xml version="1.0" encoding="UTF-8"?>
<testng-results ignored="0" total="3" passed="3" failed="0" skipped="0">
  <reporter-output>
  </reporter-output>
  <suite started-at="2023-10-20T06:46:28 IST" name="Default suite" finished-at="2023-10-20T06:46:35 IST" duration-ms="6822">
    <groups>
    </groups>
    <test started-at="2023-10-20T06:46:28 IST" name="Default test" finished-at="2023-10-20T06:46:35 IST" duration-ms="6822">
      <class name="com_scm_Practice_TESTNG.Addp_AddD_TEST">
        <test-method is-config="true" signature="Config_BS()[pri:0, instance:com_scm_Practice_TESTNG.Addp_AddD_TEST@74751b3]" started-at="2023-10-20T06:46:28 IST" name="Config_BS" finished-at="2023-10-20T06:46:28 IST" duration-ms="245" status="PASS">
          <reporter-output>
          </reporter-output>
        </test-method> <!-- Config_BS -->
        <test-method is-config="true" signature="config_BC()[pri:0, instance:com_scm_Practice_TESTNG.Addp_AddD_TEST@74751b3]" started-at="2023-10-20T06:46:28 IST" name="config_BC" finished-at="2023-10-20T06:46:34 IST" duration-ms="5801" status="PASS">
          <reporter-output>
          </reporter-output>
        </test-method> <!-- config_BC -->
        <test-method is-config="true" signature="cofig_BM()[pri:0, instance:com_scm_Practice_TESTNG.Addp_AddD_TEST@74751b3]" started-at="2023-10-20T06:46:34 IST" name="cofig_BM" finished-at="2023-10-20T06:46:34 IST" duration-ms="1" status="PASS">
          <reporter-output>
          </reporter-output>
        </test-method> <!-- cofig_BM -->
        <test-method signature="addD()[pri:0, instance:com_scm_Practice_TESTNG.Addp_AddD_TEST@74751b3]" started-at="2023-10-20T06:46:34 IST" name="addD" finished-at="2023-10-20T06:46:34 IST" duration-ms="5" status="PASS">
          <reporter-output>
          </reporter-output>
        </test-method> <!-- addD -->
        <test-method is-config="true" signature="Config_AM()[pri:0, instance:com_scm_Practice_TESTNG.Addp_AddD_TEST@74751b3]" started-at="2023-10-20T06:46:34 IST" name="Config_AM" finished-at="2023-10-20T06:46:34 IST" duration-ms="1" status="PASS">
          <reporter-output>
          </reporter-output>
        </test-method> <!-- Config_AM -->
        <test-method is-config="true" signature="cofig_BM()[pri:0, instance:com_scm_Practice_TESTNG.Addp_AddD_TEST@74751b3]" started-at="2023-10-20T06:46:34 IST" name="cofig_BM" finished-at="2023-10-20T06:46:34 IST" duration-ms="0" status="PASS">
          <reporter-output>
          </reporter-output>
        </test-method> <!-- cofig_BM -->
        <test-method signature="addp()[pri:0, instance:com_scm_Practice_TESTNG.Addp_AddD_TEST@74751b3]" started-at="2023-10-20T06:46:34 IST" name="addp" finished-at="2023-10-20T06:46:34 IST" duration-ms="1" status="PASS">
          <reporter-output>
          </reporter-output>
        </test-method> <!-- addp -->
        <test-method is-config="true" signature="cofig_BM()[pri:0, instance:com_scm_Practice_TESTNG.Addp_AddD_TEST@74751b3]" started-at="2023-10-20T06:46:34 IST" name="cofig_BM" finished-at="2023-10-20T06:46:34 IST" duration-ms="0" status="PASS">
          <reporter-output>
          </reporter-output>
        </test-method> <!-- cofig_BM -->
        <test-method is-config="true" signature="Config_AM()[pri:0, instance:com_scm_Practice_TESTNG.Addp_AddD_TEST@74751b3]" started-at="2023-10-20T06:46:34 IST" name="Config_AM" finished-at="2023-10-20T06:46:34 IST" duration-ms="0" status="PASS">
          <reporter-output>
          </reporter-output>
        </test-method> <!-- Config_AM -->
        <test-method signature="logout()[pri:0, instance:com_scm_Practice_TESTNG.Addp_AddD_TEST@74751b3]" started-at="2023-10-20T06:46:34 IST" name="logout" finished-at="2023-10-20T06:46:34 IST" duration-ms="1" status="PASS">
          <reporter-output>
          </reporter-output>
        </test-method> <!-- logout -->
        <test-method is-config="true" signature="Config_AM()[pri:0, instance:com_scm_Practice_TESTNG.Addp_AddD_TEST@74751b3]" started-at="2023-10-20T06:46:34 IST" name="Config_AM" finished-at="2023-10-20T06:46:34 IST" duration-ms="0" status="PASS">
          <reporter-output>
          </reporter-output>
        </test-method> <!-- Config_AM -->
        <test-method is-config="true" signature="Config_AC()[pri:0, instance:com_scm_Practice_TESTNG.Addp_AddD_TEST@74751b3]" started-at="2023-10-20T06:46:34 IST" name="Config_AC" finished-at="2023-10-20T06:46:35 IST" duration-ms="984" status="PASS">
          <reporter-output>
          </reporter-output>
        </test-method> <!-- Config_AC -->
        <test-method is-config="true" signature="Config_AS()[pri:0, instance:com_scm_Practice_TESTNG.Addp_AddD_TEST@74751b3]" started-at="2023-10-20T06:46:35 IST" name="Config_AS" finished-at="2023-10-20T06:46:35 IST" duration-ms="14" status="PASS">
          <reporter-output>
          </reporter-output>
        </test-method> <!-- Config_AS -->
      </class> <!-- com_scm_Practice_TESTNG.Addp_AddD_TEST -->
    </test> <!-- Default test -->
  </suite> <!-- Default suite -->
</testng-results>
